<?xml version="1.0" encoding="UTF-8"?>
<coverage generated="1559918344245" clover="3.2.0">
  <project timestamp="1559918344245" name="All files">
    <metrics statements="43" coveredstatements="40" conditionals="18" coveredconditionals="15" methods="13" coveredmethods="12" elements="74" coveredelements="67" complexity="0" loc="43" ncloc="43" packages="1" files="1" classes="1"/>
    <file name="index.js" path="/home/leone/Documents/code/socknet/lib/index.js">
      <metrics statements="43" coveredstatements="40" conditionals="18" coveredconditionals="15" methods="13" coveredmethods="12"/>
      <line num="1" count="1" type="stmt"/>
      <line num="2" count="1" type="stmt"/>
      <line num="5" count="0" type="stmt"/>
      <line num="12" count="1" type="stmt"/>
      <line num="13" count="1" type="stmt"/>
      <line num="26" count="1" type="stmt"/>
      <line num="27" count="1" type="stmt"/>
      <line num="28" count="1" type="stmt"/>
      <line num="36" count="1" type="stmt"/>
      <line num="37" count="1" type="stmt"/>
      <line num="47" count="1" type="stmt"/>
      <line num="48" count="5" type="stmt"/>
      <line num="49" count="5" type="stmt"/>
      <line num="50" count="5" type="stmt"/>
      <line num="51" count="5" type="cond" truecount="1" falsecount="1"/>
      <line num="52" count="5" type="cond" truecount="1" falsecount="1"/>
      <line num="53" count="0" type="stmt"/>
      <line num="55" count="5" type="cond" truecount="2" falsecount="0"/>
      <line num="56" count="2" type="cond" truecount="2" falsecount="0"/>
      <line num="57" count="1" type="stmt"/>
      <line num="58" count="1" type="stmt"/>
      <line num="60" count="0" type="stmt"/>
      <line num="67" count="5" type="stmt"/>
      <line num="68" count="5" type="stmt"/>
      <line num="70" count="5" type="cond" truecount="2" falsecount="0"/>
      <line num="71" count="3" type="stmt"/>
      <line num="77" count="3" type="stmt"/>
      <line num="79" count="2" type="stmt"/>
      <line num="84" count="2" type="stmt"/>
      <line num="85" count="2" type="stmt"/>
      <line num="86" count="2" type="stmt"/>
      <line num="87" count="3" type="stmt"/>
      <line num="88" count="3" type="cond" truecount="2" falsecount="0"/>
      <line num="90" count="2" type="cond" truecount="2" falsecount="0"/>
      <line num="91" count="1" type="stmt"/>
      <line num="95" count="1" type="stmt"/>
      <line num="99" count="1" type="stmt"/>
      <line num="104" count="4" type="cond" truecount="2" falsecount="0"/>
      <line num="105" count="3" type="stmt"/>
      <line num="108" count="1" type="stmt"/>
      <line num="111" count="1" type="stmt"/>
      <line num="112" count="1" type="stmt"/>
      <line num="114" count="1" type="stmt"/>
    </file>
  </project>
</coverage>
