{"/home/leone/Documents/code/socknet/lib/index.js": {"path":"/home/leone/Documents/code/socknet/lib/index.js","statementMap":{"0":{"start":{"line":1,"column":10},"end":{"line":1,"column":30}},"1":{"start":{"line":2,"column":12},"end":{"line":2,"column":32}},"2":{"start":{"line":5,"column":4},"end":{"line":5,"column":52}},"3":{"start":{"line":12,"column":4},"end":{"line":19,"column":6}},"4":{"start":{"line":13,"column":8},"end":{"line":18,"column":10}},"5":{"start":{"line":26,"column":4},"end":{"line":29,"column":6}},"6":{"start":{"line":27,"column":8},"end":{"line":27,"column":46}},"7":{"start":{"line":28,"column":8},"end":{"line":28,"column":19}},"8":{"start":{"line":36,"column":4},"end":{"line":38,"column":6}},"9":{"start":{"line":37,"column":8},"end":{"line":37,"column":51}},"10":{"start":{"line":47,"column":4},"end":{"line":62,"column":6}},"11":{"start":{"line":48,"column":23},"end":{"line":48,"column":34}},"12":{"start":{"line":49,"column":19},"end":{"line":49,"column":40}},"13":{"start":{"line":50,"column":23},"end":{"line":50,"column":44}},"14":{"start":{"line":51,"column":8},"end":{"line":51,"column":51}},"15":{"start":{"line":51,"column":23},"end":{"line":51,"column":51}},"16":{"start":{"line":52,"column":8},"end":{"line":54,"column":9}},"17":{"start":{"line":53,"column":12},"end":{"line":53,"column":85}},"18":{"start":{"line":55,"column":8},"end":{"line":55,"column":64}},"19":{"start":{"line":55,"column":57},"end":{"line":55,"column":64}},"20":{"start":{"line":56,"column":8},"end":{"line":56,"column":66}},"21":{"start":{"line":56,"column":59},"end":{"line":56,"column":66}},"22":{"start":{"line":57,"column":8},"end":{"line":61,"column":9}},"23":{"start":{"line":58,"column":12},"end":{"line":58,"column":40}},"24":{"start":{"line":60,"column":12},"end":{"line":60,"column":88}},"25":{"start":{"line":67,"column":21},"end":{"line":67,"column":32}},"26":{"start":{"line":68,"column":25},"end":{"line":68,"column":40}},"27":{"start":{"line":70,"column":4},"end":{"line":78,"column":5}},"28":{"start":{"line":71,"column":8},"end":{"line":76,"column":11}},"29":{"start":{"line":77,"column":8},"end":{"line":77,"column":21}},"30":{"start":{"line":79,"column":4},"end":{"line":79,"column":16}},"31":{"start":{"line":84,"column":12},"end":{"line":84,"column":14}},"32":{"start":{"line":85,"column":16},"end":{"line":85,"column":20}},"33":{"start":{"line":86,"column":4},"end":{"line":89,"column":5}},"34":{"start":{"line":87,"column":8},"end":{"line":87,"column":57}},"35":{"start":{"line":88,"column":8},"end":{"line":88,"column":25}},"36":{"start":{"line":88,"column":19},"end":{"line":88,"column":25}},"37":{"start":{"line":90,"column":4},"end":{"line":90,"column":28}},"38":{"start":{"line":90,"column":16},"end":{"line":90,"column":28}},"39":{"start":{"line":91,"column":4},"end":{"line":98,"column":7}},"40":{"start":{"line":95,"column":12},"end":{"line":95,"column":34}},"41":{"start":{"line":99,"column":4},"end":{"line":99,"column":17}},"42":{"start":{"line":104,"column":4},"end":{"line":104,"column":68}},"43":{"start":{"line":104,"column":61},"end":{"line":104,"column":68}},"44":{"start":{"line":105,"column":4},"end":{"line":105,"column":27}},"45":{"start":{"line":108,"column":0},"end":{"line":108,"column":23}},"46":{"start":{"line":111,"column":0},"end":{"line":111,"column":34}},"47":{"start":{"line":112,"column":0},"end":{"line":112,"column":50}},"48":{"start":{"line":114,"column":0},"end":{"line":114,"column":25}}},"fnMap":{"0":{"name":"Socknet","decl":{"start":{"line":4,"column":9},"end":{"line":4,"column":16}},"loc":{"start":{"line":4,"column":19},"end":{"line":6,"column":1}},"line":4},"1":{"name":"injectIo","decl":{"start":{"line":11,"column":9},"end":{"line":11,"column":17}},"loc":{"start":{"line":11,"column":23},"end":{"line":20,"column":1}},"line":11},"2":{"name":"(anonymous_2)","decl":{"start":{"line":12,"column":11},"end":{"line":12,"column":12}},"loc":{"start":{"line":12,"column":31},"end":{"line":19,"column":5}},"line":12},"3":{"name":"injectSocket","decl":{"start":{"line":25,"column":9},"end":{"line":25,"column":21}},"loc":{"start":{"line":25,"column":27},"end":{"line":30,"column":1}},"line":25},"4":{"name":"(anonymous_4)","decl":{"start":{"line":26,"column":11},"end":{"line":26,"column":12}},"loc":{"start":{"line":26,"column":29},"end":{"line":29,"column":5}},"line":26},"5":{"name":"injectSocketOn","decl":{"start":{"line":35,"column":9},"end":{"line":35,"column":23}},"loc":{"start":{"line":35,"column":29},"end":{"line":39,"column":1}},"line":35},"6":{"name":"(anonymous_6)","decl":{"start":{"line":36,"column":11},"end":{"line":36,"column":12}},"loc":{"start":{"line":36,"column":30},"end":{"line":38,"column":5}},"line":36},"7":{"name":"injectEvent","decl":{"start":{"line":46,"column":9},"end":{"line":46,"column":20}},"loc":{"start":{"line":46,"column":31},"end":{"line":63,"column":1}},"line":46},"8":{"name":"(anonymous_8)","decl":{"start":{"line":47,"column":11},"end":{"line":47,"column":12}},"loc":{"start":{"line":47,"column":23},"end":{"line":62,"column":5}},"line":47},"9":{"name":"validateArgsSize","decl":{"start":{"line":66,"column":9},"end":{"line":66,"column":25}},"loc":{"start":{"line":66,"column":52},"end":{"line":80,"column":1}},"line":66},"10":{"name":"validateArgsSchema","decl":{"start":{"line":83,"column":9},"end":{"line":83,"column":27}},"loc":{"start":{"line":83,"column":55},"end":{"line":100,"column":1}},"line":83},"11":{"name":"(anonymous_11)","decl":{"start":{"line":94,"column":35},"end":{"line":94,"column":36}},"loc":{"start":{"line":94,"column":52},"end":{"line":96,"column":9}},"line":94},"12":{"name":"callbackError","decl":{"start":{"line":103,"column":9},"end":{"line":103,"column":22}},"loc":{"start":{"line":103,"column":40},"end":{"line":106,"column":1}},"line":103}},"branchMap":{"0":{"loc":{"start":{"line":16,"column":12},"end":{"line":17,"column":37}},"type":"cond-expr","locations":[{"start":{"line":17,"column":16},"end":{"line":17,"column":32}},{"start":{"line":17,"column":35},"end":{"line":17,"column":37}}],"line":16},"1":{"loc":{"start":{"line":51,"column":8},"end":{"line":51,"column":51}},"type":"if","locations":[{"start":{"line":51,"column":8},"end":{"line":51,"column":51}},{"start":{"line":51,"column":8},"end":{"line":51,"column":51}}],"line":51},"2":{"loc":{"start":{"line":52,"column":8},"end":{"line":54,"column":9}},"type":"if","locations":[{"start":{"line":52,"column":8},"end":{"line":54,"column":9}},{"start":{"line":52,"column":8},"end":{"line":54,"column":9}}],"line":52},"3":{"loc":{"start":{"line":55,"column":8},"end":{"line":55,"column":64}},"type":"if","locations":[{"start":{"line":55,"column":8},"end":{"line":55,"column":64}},{"start":{"line":55,"column":8},"end":{"line":55,"column":64}}],"line":55},"4":{"loc":{"start":{"line":56,"column":8},"end":{"line":56,"column":66}},"type":"if","locations":[{"start":{"line":56,"column":8},"end":{"line":56,"column":66}},{"start":{"line":56,"column":8},"end":{"line":56,"column":66}}],"line":56},"5":{"loc":{"start":{"line":70,"column":4},"end":{"line":78,"column":5}},"type":"if","locations":[{"start":{"line":70,"column":4},"end":{"line":78,"column":5}},{"start":{"line":70,"column":4},"end":{"line":78,"column":5}}],"line":70},"6":{"loc":{"start":{"line":88,"column":8},"end":{"line":88,"column":25}},"type":"if","locations":[{"start":{"line":88,"column":8},"end":{"line":88,"column":25}},{"start":{"line":88,"column":8},"end":{"line":88,"column":25}}],"line":88},"7":{"loc":{"start":{"line":90,"column":4},"end":{"line":90,"column":28}},"type":"if","locations":[{"start":{"line":90,"column":4},"end":{"line":90,"column":28}},{"start":{"line":90,"column":4},"end":{"line":90,"column":28}}],"line":90},"8":{"loc":{"start":{"line":104,"column":4},"end":{"line":104,"column":68}},"type":"if","locations":[{"start":{"line":104,"column":4},"end":{"line":104,"column":68}},{"start":{"line":104,"column":4},"end":{"line":104,"column":68}}],"line":104}},"s":{"0":1,"1":1,"2":0,"3":1,"4":1,"5":1,"6":1,"7":1,"8":1,"9":1,"10":1,"11":5,"12":5,"13":5,"14":5,"15":0,"16":5,"17":0,"18":5,"19":3,"20":2,"21":1,"22":1,"23":1,"24":0,"25":5,"26":5,"27":5,"28":3,"29":3,"30":2,"31":2,"32":2,"33":2,"34":3,"35":3,"36":1,"37":2,"38":1,"39":1,"40":1,"41":1,"42":4,"43":1,"44":3,"45":1,"46":1,"47":1,"48":1},"f":{"0":0,"1":1,"2":1,"3":1,"4":1,"5":1,"6":1,"7":1,"8":5,"9":5,"10":2,"11":1,"12":4},"b":{"0":[1,0],"1":[0,5],"2":[0,5],"3":[3,2],"4":[1,1],"5":[3,2],"6":[1,2],"7":[1,1],"8":[1,3]},"_coverageSchema":"43e27e138ebf9cfc5966b082cf9a028302ed4184","hash":"e8223d41b00fc7c4eb6ff772754e473cc235010d"}
}
