TN:
SF:/home/leone/Documents/code/socknet/lib/index.js
FN:4,Socknet
FN:11,injectIo
FN:12,(anonymous_2)
FN:25,injectSocket
FN:26,(anonymous_4)
FN:35,injectSocketOn
FN:36,(anonymous_6)
FN:46,injectEvent
FN:47,(anonymous_8)
FN:66,validateArgsSize
FN:83,validateArgsSchema
FN:94,(anonymous_11)
FN:103,callbackError
FNF:13
FNH:12
FNDA:0,Socknet
FNDA:1,injectIo
FNDA:1,(anonymous_2)
FNDA:1,injectSocket
FNDA:1,(anonymous_4)
FNDA:1,injectSocketOn
FNDA:1,(anonymous_6)
FNDA:1,injectEvent
FNDA:5,(anonymous_8)
FNDA:5,validateArgsSize
FNDA:2,validateArgsSchema
FNDA:1,(anonymous_11)
FNDA:4,callbackError
DA:1,1
DA:2,1
DA:5,0
DA:12,1
DA:13,1
DA:26,1
DA:27,1
DA:28,1
DA:36,1
DA:37,1
DA:47,1
DA:48,5
DA:49,5
DA:50,5
DA:51,5
DA:52,5
DA:53,0
DA:55,5
DA:56,2
DA:57,1
DA:58,1
DA:60,0
DA:67,5
DA:68,5
DA:70,5
DA:71,3
DA:77,3
DA:79,2
DA:84,2
DA:85,2
DA:86,2
DA:87,3
DA:88,3
DA:90,2
DA:91,1
DA:95,1
DA:99,1
DA:104,4
DA:105,3
DA:108,1
DA:111,1
DA:112,1
DA:114,1
LF:43
LH:40
BRDA:16,0,0,1
BRDA:16,0,1,0
BRDA:51,1,0,0
BRDA:51,1,1,5
BRDA:52,2,0,0
BRDA:52,2,1,5
BRDA:55,3,0,3
BRDA:55,3,1,2
BRDA:56,4,0,1
BRDA:56,4,1,1
BRDA:70,5,0,3
BRDA:70,5,1,2
BRDA:88,6,0,1
BRDA:88,6,1,2
BRDA:90,7,0,1
BRDA:90,7,1,1
BRDA:104,8,0,1
BRDA:104,8,1,3
BRF:18
BRH:15
end_of_record
