TN:
SF:/mnt/c/Users/leone/Documents/code/js_libraries/socknet/lib/index.js
FN:4,Socknet
FN:8,injectIo
FN:9,(anonymous_2)
FN:19,injectSocket
FN:20,(anonymous_4)
FN:26,injectSocketOn
FN:27,(anonymous_6)
FN:32,injectEvent
FN:33,(anonymous_8)
FN:51,validateArgsSize
FN:67,validateArgsSchema
FN:78,(anonymous_11)
FN:86,callbackError
FNF:13
FNH:12
FNDA:0,Socknet
FNDA:1,injectIo
FNDA:1,(anonymous_2)
FNDA:1,injectSocket
FNDA:1,(anonymous_4)
FNDA:1,injectSocketOn
FNDA:1,(anonymous_6)
FNDA:1,injectEvent
FNDA:5,(anonymous_8)
FNDA:5,validateArgsSize
FNDA:2,validateArgsSchema
FNDA:1,(anonymous_11)
FNDA:4,callbackError
DA:1,1
DA:2,1
DA:5,0
DA:9,1
DA:10,1
DA:20,1
DA:21,1
DA:22,1
DA:27,1
DA:28,1
DA:33,1
DA:34,5
DA:35,5
DA:36,5
DA:37,5
DA:38,5
DA:39,0
DA:41,5
DA:42,2
DA:43,1
DA:44,1
DA:46,0
DA:52,5
DA:53,5
DA:55,5
DA:56,3
DA:62,3
DA:64,2
DA:68,2
DA:69,2
DA:70,2
DA:71,3
DA:72,3
DA:74,2
DA:75,1
DA:79,1
DA:83,1
DA:87,4
DA:88,3
DA:91,1
DA:94,1
DA:95,1
DA:97,1
LF:43
LH:40
BRDA:13,0,0,1
BRDA:13,0,1,0
BRDA:37,1,0,0
BRDA:37,1,1,5
BRDA:38,2,0,0
BRDA:38,2,1,5
BRDA:41,3,0,3
BRDA:41,3,1,2
BRDA:42,4,0,1
BRDA:42,4,1,1
BRDA:55,5,0,3
BRDA:55,5,1,2
BRDA:72,6,0,1
BRDA:72,6,1,2
BRDA:74,7,0,1
BRDA:74,7,1,1
BRDA:87,8,0,1
BRDA:87,8,1,3
BRF:18
BRH:15
end_of_record
